

Microchip Technology PIC LITE Macro Assembler V1.33 build 59893 
                                                                                               Tue Feb 24 23:06:13 2015

Microchip Technology Omniscient Code Generator (Lite mode) build 59893
     1                           	processor	16F1615
     2                           	opt	pw 120
     3                           	opt	lm
     4                           	psect	text0,local,class=CODE,merge=1,delta=2
     5                           	psect	cinit,global,class=CODE,merge=1,delta=2
     6                           	psect	bssCOMMON,global,class=COMMON,space=1,delta=1
     7                           	psect	cstackCOMMON,global,class=COMMON,space=1,delta=1
     8                           	psect	maintext,global,class=CODE,merge=1,split=1,delta=2
     9                           	psect	text1,local,class=CODE,merge=1,delta=2
    10                           	psect	text2,local,class=CODE,merge=1,delta=2
    11                           	psect	text3,local,class=CODE,merge=1,delta=2
    12                           	psect	text4,local,class=CODE,merge=1,delta=2
    13                           	psect	text5,local,class=CODE,merge=1,delta=2
    14                           	psect	text6,local,class=CODE,merge=1,delta=2
    15                           	dabs	1,0x7E,2
    16  0000                     	;# 
    17  0001                     	;# 
    18  0002                     	;# 
    19  0003                     	;# 
    20  0004                     	;# 
    21  0005                     	;# 
    22  0006                     	;# 
    23  0007                     	;# 
    24  0008                     	;# 
    25  0009                     	;# 
    26  000A                     	;# 
    27  000B                     	;# 
    28  000C                     	;# 
    29  000E                     	;# 
    30  0010                     	;# 
    31  0011                     	;# 
    32  0012                     	;# 
    33  0013                     	;# 
    34  0014                     	;# 
    35  0015                     	;# 
    36  0016                     	;# 
    37  0016                     	;# 
    38  0017                     	;# 
    39  0018                     	;# 
    40  0019                     	;# 
    41  001A                     	;# 
    42  001A                     	;# 
    43  001B                     	;# 
    44  001B                     	;# 
    45  001C                     	;# 
    46  001D                     	;# 
    47  001E                     	;# 
    48  001F                     	;# 
    49  008C                     	;# 
    50  008E                     	;# 
    51  0090                     	;# 
    52  0091                     	;# 
    53  0092                     	;# 
    54  0093                     	;# 
    55  0094                     	;# 
    56  0095                     	;# 
    57  0096                     	;# 
    58  0098                     	;# 
    59  0099                     	;# 
    60  009A                     	;# 
    61  009B                     	;# 
    62  009B                     	;# 
    63  009C                     	;# 
    64  009D                     	;# 
    65  009E                     	;# 
    66  009F                     	;# 
    67  010C                     	;# 
    68  010E                     	;# 
    69  0111                     	;# 
    70  0112                     	;# 
    71  0113                     	;# 
    72  0114                     	;# 
    73  0115                     	;# 
    74  0116                     	;# 
    75  0117                     	;# 
    76  0118                     	;# 
    77  0119                     	;# 
    78  011C                     	;# 
    79  018C                     	;# 
    80  018E                     	;# 
    81  0191                     	;# 
    82  0191                     	;# 
    83  0192                     	;# 
    84  0193                     	;# 
    85  0193                     	;# 
    86  0194                     	;# 
    87  0195                     	;# 
    88  0196                     	;# 
    89  0197                     	;# 
    90  0199                     	;# 
    91  0199                     	;# 
    92  0199                     	;# 
    93  019A                     	;# 
    94  019A                     	;# 
    95  019A                     	;# 
    96  019B                     	;# 
    97  019B                     	;# 
    98  019B                     	;# 
    99  019B                     	;# 
   100  019B                     	;# 
   101  019C                     	;# 
   102  019C                     	;# 
   103  019C                     	;# 
   104  019D                     	;# 
   105  019D                     	;# 
   106  019D                     	;# 
   107  019E                     	;# 
   108  019E                     	;# 
   109  019E                     	;# 
   110  019F                     	;# 
   111  019F                     	;# 
   112  019F                     	;# 
   113  019F                     	;# 
   114  019F                     	;# 
   115  020C                     	;# 
   116  020E                     	;# 
   117  0211                     	;# 
   118  0211                     	;# 
   119  0212                     	;# 
   120  0212                     	;# 
   121  0213                     	;# 
   122  0213                     	;# 
   123  0214                     	;# 
   124  0214                     	;# 
   125  0215                     	;# 
   126  0215                     	;# 
   127  0215                     	;# 
   128  0215                     	;# 
   129  0216                     	;# 
   130  0216                     	;# 
   131  0217                     	;# 
   132  0217                     	;# 
   133  028C                     	;# 
   134  028E                     	;# 
   135  0291                     	;# 
   136  0291                     	;# 
   137  0291                     	;# 
   138  0292                     	;# 
   139  0292                     	;# 
   140  0293                     	;# 
   141  0294                     	;# 
   142  0298                     	;# 
   143  0298                     	;# 
   144  0298                     	;# 
   145  0299                     	;# 
   146  0299                     	;# 
   147  029A                     	;# 
   148  029B                     	;# 
   149  029E                     	;# 
   150  030C                     	;# 
   151  030E                     	;# 
   152  038C                     	;# 
   153  038E                     	;# 
   154  0391                     	;# 
   155  0392                     	;# 
   156  0393                     	;# 
   157  0397                     	;# 
   158  0398                     	;# 
   159  0399                     	;# 
   160  040E                     	;# 
   161  0413                     	;# 
   162  0413                     	;# 
   163  0414                     	;# 
   164  0414                     	;# 
   165  0415                     	;# 
   166  0416                     	;# 
   167  0417                     	;# 
   168  0418                     	;# 
   169  041A                     	;# 
   170  041A                     	;# 
   171  041B                     	;# 
   172  041B                     	;# 
   173  041C                     	;# 
   174  041D                     	;# 
   175  041E                     	;# 
   176  041F                     	;# 
   177  0493                     	;# 
   178  0494                     	;# 
   179  0495                     	;# 
   180  0496                     	;# 
   181  049A                     	;# 
   182  049B                     	;# 
   183  049C                     	;# 
   184  049D                     	;# 
   185  058C                     	;# 
   186  058C                     	;# 
   187  058D                     	;# 
   188  058E                     	;# 
   189  058E                     	;# 
   190  058F                     	;# 
   191  0590                     	;# 
   192  0590                     	;# 
   193  0591                     	;# 
   194  0592                     	;# 
   195  0592                     	;# 
   196  0593                     	;# 
   197  0594                     	;# 
   198  0594                     	;# 
   199  0595                     	;# 
   200  0596                     	;# 
   201  0596                     	;# 
   202  0597                     	;# 
   203  0598                     	;# 
   204  0599                     	;# 
   205  059A                     	;# 
   206  059B                     	;# 
   207  059B                     	;# 
   208  059C                     	;# 
   209  059D                     	;# 
   210  060C                     	;# 
   211  060C                     	;# 
   212  060D                     	;# 
   213  060E                     	;# 
   214  060F                     	;# 
   215  060F                     	;# 
   216  0610                     	;# 
   217  0611                     	;# 
   218  0612                     	;# 
   219  0613                     	;# 
   220  0614                     	;# 
   221  0617                     	;# 
   222  0618                     	;# 
   223  0619                     	;# 
   224  061A                     	;# 
   225  061B                     	;# 
   226  061C                     	;# 
   227  0691                     	;# 
   228  0692                     	;# 
   229  0693                     	;# 
   230  0694                     	;# 
   231  0695                     	;# 
   232  0696                     	;# 
   233  0697                     	;# 
   234  0699                     	;# 
   235  069A                     	;# 
   236  0711                     	;# 
   237  0712                     	;# 
   238  0713                     	;# 
   239  0714                     	;# 
   240  0715                     	;# 
   241  0718                     	;# 
   242  0718                     	;# 
   243  0719                     	;# 
   244  071A                     	;# 
   245  071A                     	;# 
   246  071B                     	;# 
   247  071C                     	;# 
   248  071D                     	;# 
   249  0791                     	;# 
   250  0791                     	;# 
   251  0792                     	;# 
   252  0793                     	;# 
   253  0793                     	;# 
   254  0794                     	;# 
   255  0795                     	;# 
   256  0795                     	;# 
   257  0796                     	;# 
   258  0797                     	;# 
   259  0797                     	;# 
   260  0798                     	;# 
   261  0799                     	;# 
   262  079A                     	;# 
   263  080C                     	;# 
   264  080C                     	;# 
   265  080D                     	;# 
   266  080E                     	;# 
   267  080E                     	;# 
   268  080F                     	;# 
   269  0810                     	;# 
   270  0810                     	;# 
   271  0811                     	;# 
   272  0812                     	;# 
   273  0812                     	;# 
   274  0813                     	;# 
   275  0814                     	;# 
   276  0815                     	;# 
   277  0816                     	;# 
   278  0817                     	;# 
   279  0818                     	;# 
   280  0819                     	;# 
   281  081A                     	;# 
   282  081A                     	;# 
   283  081B                     	;# 
   284  081C                     	;# 
   285  081C                     	;# 
   286  081D                     	;# 
   287  088C                     	;# 
   288  088D                     	;# 
   289  088E                     	;# 
   290  088F                     	;# 
   291  088F                     	;# 
   292  0890                     	;# 
   293  0891                     	;# 
   294  0892                     	;# 
   295  0893                     	;# 
   296  0893                     	;# 
   297  0894                     	;# 
   298  0895                     	;# 
   299  0896                     	;# 
   300  0897                     	;# 
   301  0897                     	;# 
   302  0898                     	;# 
   303  0899                     	;# 
   304  0D8C                     	;# 
   305  0D8C                     	;# 
   306  0D8D                     	;# 
   307  0D8E                     	;# 
   308  0D8F                     	;# 
   309  0D8F                     	;# 
   310  0D90                     	;# 
   311  0D91                     	;# 
   312  0D92                     	;# 
   313  0D92                     	;# 
   314  0D93                     	;# 
   315  0D94                     	;# 
   316  0D95                     	;# 
   317  0D95                     	;# 
   318  0D96                     	;# 
   319  0D97                     	;# 
   320  0D98                     	;# 
   321  0D99                     	;# 
   322  0D9A                     	;# 
   323  0D9B                     	;# 
   324  0D9C                     	;# 
   325  0D9D                     	;# 
   326  0D9E                     	;# 
   327  0D9E                     	;# 
   328  0D9F                     	;# 
   329  0DA0                     	;# 
   330  0DA1                     	;# 
   331  0DA1                     	;# 
   332  0DA2                     	;# 
   333  0DA3                     	;# 
   334  0DA4                     	;# 
   335  0DA4                     	;# 
   336  0DA5                     	;# 
   337  0DA6                     	;# 
   338  0DA7                     	;# 
   339  0DA7                     	;# 
   340  0DA8                     	;# 
   341  0DA9                     	;# 
   342  0DAA                     	;# 
   343  0DAB                     	;# 
   344  0DAC                     	;# 
   345  0DAD                     	;# 
   346  0DAE                     	;# 
   347  0DAF                     	;# 
   348  0E0F                     	;# 
   349  0E10                     	;# 
   350  0E11                     	;# 
   351  0E12                     	;# 
   352  0E13                     	;# 
   353  0E14                     	;# 
   354  0E15                     	;# 
   355  0E16                     	;# 
   356  0E17                     	;# 
   357  0E18                     	;# 
   358  0E19                     	;# 
   359  0E1A                     	;# 
   360  0E1B                     	;# 
   361  0E1C                     	;# 
   362  0E1D                     	;# 
   363  0E1E                     	;# 
   364  0E1F                     	;# 
   365  0E20                     	;# 
   366  0E21                     	;# 
   367  0E22                     	;# 
   368  0E23                     	;# 
   369  0E24                     	;# 
   370  0E25                     	;# 
   371  0E26                     	;# 
   372  0E27                     	;# 
   373  0E28                     	;# 
   374  0E29                     	;# 
   375  0E2A                     	;# 
   376  0E2B                     	;# 
   377  0E2C                     	;# 
   378  0E2D                     	;# 
   379  0E2E                     	;# 
   380  0E90                     	;# 
   381  0E91                     	;# 
   382  0E92                     	;# 
   383  0E94                     	;# 
   384  0E95                     	;# 
   385  0EA0                     	;# 
   386  0EA1                     	;# 
   387  0EA2                     	;# 
   388  0EA3                     	;# 
   389  0EA4                     	;# 
   390  0EA5                     	;# 
   391  0F0F                     	;# 
   392  0F10                     	;# 
   393  0F11                     	;# 
   394  0F12                     	;# 
   395  0F13                     	;# 
   396  0F14                     	;# 
   397  0F15                     	;# 
   398  0F16                     	;# 
   399  0F17                     	;# 
   400  0F18                     	;# 
   401  0F19                     	;# 
   402  0F1A                     	;# 
   403  0F1B                     	;# 
   404  0F1C                     	;# 
   405  0F1D                     	;# 
   406  0F1E                     	;# 
   407  0F1F                     	;# 
   408  0F20                     	;# 
   409  0F21                     	;# 
   410  0F22                     	;# 
   411  0F23                     	;# 
   412  0F24                     	;# 
   413  0F25                     	;# 
   414  0F26                     	;# 
   415  0F27                     	;# 
   416  0F28                     	;# 
   417  0F29                     	;# 
   418  0F2A                     	;# 
   419  0F2B                     	;# 
   420  0F2C                     	;# 
   421  0F2D                     	;# 
   422  0F2E                     	;# 
   423  0F2F                     	;# 
   424  0F30                     	;# 
   425  0F31                     	;# 
   426  0F32                     	;# 
   427  0F33                     	;# 
   428  0F34                     	;# 
   429  0F35                     	;# 
   430  0F36                     	;# 
   431  0F37                     	;# 
   432  0FE4                     	;# 
   433  0FE5                     	;# 
   434  0FE6                     	;# 
   435  0FE7                     	;# 
   436  0FE8                     	;# 
   437  0FE9                     	;# 
   438  0FEA                     	;# 
   439  0FEB                     	;# 
   440  0FED                     	;# 
   441  0FEE                     	;# 
   442  0FEF                     	;# 
   443                           
   444                           	psect	text0
   445  0000                     __ptext0:	
   446                           ; #config settings
   447                           
   448                           
   449                           ;psect for function _currentMeasureTask
   450  0000                     
   451                           	psect	cinit
   452  07F8                     start_initialization:	
   453  07F8                     __initialization:	
   454                           
   455                           ; Clear objects allocated to COMMON
   456  07F8  01F0               	clrf	__pbssCOMMON& (0+127)
   457  07F9  01F1               	clrf	(__pbssCOMMON+1)& (0+127)
   458  07FA  01F2               	clrf	(__pbssCOMMON+2)& (0+127)
   459  07FB  01F3               	clrf	(__pbssCOMMON+3)& (0+127)
   460  07FC                     end_of_initialization:	
   461                           ;End of C runtime variable initialization code
   462                           
   463  07FC                     __end_of__initialization:	
   464  07FC  107E               	bcf	pic14e$flags,0	;clear compiler interrupt flag
   465  07FD  0020               	movlb	0
   466  07FE  3187  2FE5         	ljmp	_main	;jump to C main() function
   467                           
   468                           	psect	bssCOMMON
   469  0070                     __pbssCOMMON:	
   470  0070                     _current:	
   471  0070                     	ds	2
   472  0072                     _voltage:	
   473  0072                     	ds	2
   474                           
   475                           	psect	cstackCOMMON
   476  0074                     __pcstackCOMMON:	
   477  0074                     ?_initGpios:	
   478  0074                     ??_initGpios:	
   479                           ; 0 bytes @ 0x0
   480                           
   481  0074                     ?_initADC:	
   482                           ; 0 bytes @ 0x0
   483                           
   484  0074                     ??_initADC:	
   485                           ; 0 bytes @ 0x0
   486                           
   487  0074                     ?_initDisplay:	
   488                           ; 0 bytes @ 0x0
   489                           
   490  0074                     ??_initDisplay:	
   491                           ; 0 bytes @ 0x0
   492                           
   493  0074                     ?_voltageMeasureTask:	
   494                           ; 0 bytes @ 0x0
   495                           
   496  0074                     ??_voltageMeasureTask:	
   497                           ; 0 bytes @ 0x0
   498                           
   499  0074                     ?_currentMeasureTask:	
   500                           ; 0 bytes @ 0x0
   501                           
   502  0074                     ??_currentMeasureTask:	
   503                           ; 0 bytes @ 0x0
   504                           
   505  0074                     ?_displayRefreshTask:	
   506                           ; 0 bytes @ 0x0
   507                           
   508  0074                     ??_displayRefreshTask:	
   509                           ; 0 bytes @ 0x0
   510                           
   511  0074                     ?_main:	
   512                           ; 0 bytes @ 0x0
   513                           
   514  0074                     main@argc:	
   515                           ; 2 bytes @ 0x0
   516                           
   517                           
   518                           ; 2 bytes @ 0x0
   519  0074                     	ds	2
   520  0076                     main@argv:	
   521                           
   522                           ; 2 bytes @ 0x2
   523  0076                     	ds	2
   524  0078                     ??_main:	
   525                           
   526                           	psect	maintext
   527  07E5                     __pmaintext:	
   528                           ; 0 bytes @ 0x4
   529 ;;
   530 ;;Main: autosize = 0, tempsize = 0, incstack = 0, save=0
   531 ;;
   532 ;; *************** function _main *****************
   533 ;; Defined at:
   534 ;;		line 24 in file "main.c"
   535 ;; Parameters:    Size  Location     Type
   536 ;;  argc            2    0[COMMON] int 
   537 ;;  argv            2    2[COMMON] PTR PTR unsigned char 
   538 ;; Auto vars:     Size  Location     Type
   539 ;;		None
   540 ;; Return value:  Size  Location     Type
   541 ;;                  2    0[COMMON] int 
   542 ;; Registers used:
   543 ;;		status,2, status,0, pclath, cstack
   544 ;; Tracked objects:
   545 ;;		On entry : 17F/0
   546 ;;		On exit  : 0/0
   547 ;;		Unchanged: 0/0
   548 ;; Data sizes:     COMMON   BANK0   BANK1   BANK2   BANK3   BANK4   BANK5   BANK6   BANK7   BANK8   BANK9  BANK10  BANK1
      +1  BANK12
   549 ;;      Params:         4       0       0       0       0       0       0       0       0       0       0       0       
      +0       0
   550 ;;      Locals:         0       0       0       0       0       0       0       0       0       0       0       0       
      +0       0
   551 ;;      Temps:          0       0       0       0       0       0       0       0       0       0       0       0       
      +0       0
   552 ;;      Totals:         4       0       0       0       0       0       0       0       0       0       0       0       
      +0       0
   553 ;;Total ram usage:        4 bytes
   554 ;; Hardware stack levels required when called:    1
   555 ;; This function calls:
   556 ;;		_currentMeasureTask
   557 ;;		_displayRefreshTask
   558 ;;		_initADC
   559 ;;		_initDisplay
   560 ;;		_initGpios
   561 ;;		_voltageMeasureTask
   562 ;; This function is called by:
   563 ;;		Startup code after reset
   564 ;; This function uses a non-reentrant model
   565 ;;
   566                           
   567                           
   568                           ;psect for function _main
   569  07E5                     _main:	
   570                           
   571                           ;main.c: 27: initGpios();
   572                           
   573                           ;incstack = 0
   574                           ; Regs used in _main: [status,2+status,0+pclath+cstack]
   575  07E5  3187  27E3  3187   	fcall	_initGpios
   576                           
   577                           ;main.c: 30: initADC();
   578  07E8  3187  27E1  3187   	fcall	_initADC
   579                           
   580                           ;main.c: 33: initDisplay();
   581  07EB  3187  27E2  3187   	fcall	_initDisplay
   582  07EE                     l15:	
   583                           ;main.c: 37: while (1)
   584                           
   585                           
   586                           ;main.c: 38: {
   587                           ;main.c: 40: voltageMeasureTask();
   588  07EE  3187  27E4  3187   	fcall	_voltageMeasureTask
   589                           
   590                           ;main.c: 43: currentMeasureTask();
   591  07F1  3187  27DF  3187   	fcall	_currentMeasureTask
   592                           
   593                           ;main.c: 46: displayRefreshTask();
   594  07F4  3187  27E0  3187   	fcall	_displayRefreshTask
   595  07F7  2FEE               	goto	l15
   596  07F8                     __end_of_main:	
   597                           ;main.c: 47: }
   598                           ;main.c: 49: return (0);
   599                           ;	Return value of _main is never used
   600                           
   601                           
   602                           	psect	text1
   603  07E4                     __ptext1:	
   604 ;; *************** function _voltageMeasureTask *****************
   605 ;; Defined at:
   606 ;;		line 23 in file "tasks.c"
   607 ;; Parameters:    Size  Location     Type
   608 ;;		None
   609 ;; Auto vars:     Size  Location     Type
   610 ;;		None
   611 ;; Return value:  Size  Location     Type
   612 ;;		None               void
   613 ;; Registers used:
   614 ;;		None
   615 ;; Tracked objects:
   616 ;;		On entry : 0/0
   617 ;;		On exit  : 0/0
   618 ;;		Unchanged: 0/0
   619 ;; Data sizes:     COMMON   BANK0   BANK1   BANK2   BANK3   BANK4   BANK5   BANK6   BANK7   BANK8   BANK9  BANK10  BANK1
      +1  BANK12
   620 ;;      Params:         0       0       0       0       0       0       0       0       0       0       0       0       
      +0       0
   621 ;;      Locals:         0       0       0       0       0       0       0       0       0       0       0       0       
      +0       0
   622 ;;      Temps:          0       0       0       0       0       0       0       0       0       0       0       0       
      +0       0
   623 ;;      Totals:         0       0       0       0       0       0       0       0       0       0       0       0       
      +0       0
   624 ;;Total ram usage:        0 bytes
   625 ;; Hardware stack levels used:    1
   626 ;; This function calls:
   627 ;;		Nothing
   628 ;; This function is called by:
   629 ;;		_main
   630 ;; This function uses a non-reentrant model
   631 ;;
   632                           
   633                           
   634                           ;psect for function _voltageMeasureTask
   635  07E4                     _voltageMeasureTask:	
   636                           
   637                           ;incstack = 0
   638                           ; Regs used in _voltageMeasureTask: []
   639  07E4  0008               	return
   640  07E5                     __end_of_voltageMeasureTask:	
   641                           
   642                           	psect	text2
   643  07E3                     __ptext2:	
   644 ;; *************** function _initGpios *****************
   645 ;; Defined at:
   646 ;;		line 5 in file "hal_gpios.c"
   647 ;; Parameters:    Size  Location     Type
   648 ;;		None
   649 ;; Auto vars:     Size  Location     Type
   650 ;;		None
   651 ;; Return value:  Size  Location     Type
   652 ;;		None               void
   653 ;; Registers used:
   654 ;;		None
   655 ;; Tracked objects:
   656 ;;		On entry : 0/0
   657 ;;		On exit  : 0/0
   658 ;;		Unchanged: 0/0
   659 ;; Data sizes:     COMMON   BANK0   BANK1   BANK2   BANK3   BANK4   BANK5   BANK6   BANK7   BANK8   BANK9  BANK10  BANK1
      +1  BANK12
   660 ;;      Params:         0       0       0       0       0       0       0       0       0       0       0       0       
      +0       0
   661 ;;      Locals:         0       0       0       0       0       0       0       0       0       0       0       0       
      +0       0
   662 ;;      Temps:          0       0       0       0       0       0       0       0       0       0       0       0       
      +0       0
   663 ;;      Totals:         0       0       0       0       0       0       0       0       0       0       0       0       
      +0       0
   664 ;;Total ram usage:        0 bytes
   665 ;; Hardware stack levels used:    1
   666 ;; This function calls:
   667 ;;		Nothing
   668 ;; This function is called by:
   669 ;;		_main
   670 ;; This function uses a non-reentrant model
   671 ;;
   672                           
   673                           
   674                           ;psect for function _initGpios
   675  07E3                     _initGpios:	
   676                           
   677                           ;incstack = 0
   678                           ; Regs used in _initGpios: []
   679  07E3  0008               	return
   680  07E4                     __end_of_initGpios:	
   681                           
   682                           	psect	text3
   683  07E2                     __ptext3:	
   684 ;; *************** function _initDisplay *****************
   685 ;; Defined at:
   686 ;;		line 5 in file "display.c"
   687 ;; Parameters:    Size  Location     Type
   688 ;;		None
   689 ;; Auto vars:     Size  Location     Type
   690 ;;		None
   691 ;; Return value:  Size  Location     Type
   692 ;;		None               void
   693 ;; Registers used:
   694 ;;		None
   695 ;; Tracked objects:
   696 ;;		On entry : 0/0
   697 ;;		On exit  : 0/0
   698 ;;		Unchanged: 0/0
   699 ;; Data sizes:     COMMON   BANK0   BANK1   BANK2   BANK3   BANK4   BANK5   BANK6   BANK7   BANK8   BANK9  BANK10  BANK1
      +1  BANK12
   700 ;;      Params:         0       0       0       0       0       0       0       0       0       0       0       0       
      +0       0
   701 ;;      Locals:         0       0       0       0       0       0       0       0       0       0       0       0       
      +0       0
   702 ;;      Temps:          0       0       0       0       0       0       0       0       0       0       0       0       
      +0       0
   703 ;;      Totals:         0       0       0       0       0       0       0       0       0       0       0       0       
      +0       0
   704 ;;Total ram usage:        0 bytes
   705 ;; Hardware stack levels used:    1
   706 ;; This function calls:
   707 ;;		Nothing
   708 ;; This function is called by:
   709 ;;		_main
   710 ;; This function uses a non-reentrant model
   711 ;;
   712                           
   713                           
   714                           ;psect for function _initDisplay
   715  07E2                     _initDisplay:	
   716                           
   717                           ;incstack = 0
   718                           ; Regs used in _initDisplay: []
   719  07E2  0008               	return
   720  07E3                     __end_of_initDisplay:	
   721                           
   722                           	psect	text4
   723  07E1                     __ptext4:	
   724 ;; *************** function _initADC *****************
   725 ;; Defined at:
   726 ;;		line 5 in file "hal_adc.c"
   727 ;; Parameters:    Size  Location     Type
   728 ;;		None
   729 ;; Auto vars:     Size  Location     Type
   730 ;;		None
   731 ;; Return value:  Size  Location     Type
   732 ;;		None               void
   733 ;; Registers used:
   734 ;;		None
   735 ;; Tracked objects:
   736 ;;		On entry : 0/0
   737 ;;		On exit  : 0/0
   738 ;;		Unchanged: 0/0
   739 ;; Data sizes:     COMMON   BANK0   BANK1   BANK2   BANK3   BANK4   BANK5   BANK6   BANK7   BANK8   BANK9  BANK10  BANK1
      +1  BANK12
   740 ;;      Params:         0       0       0       0       0       0       0       0       0       0       0       0       
      +0       0
   741 ;;      Locals:         0       0       0       0       0       0       0       0       0       0       0       0       
      +0       0
   742 ;;      Temps:          0       0       0       0       0       0       0       0       0       0       0       0       
      +0       0
   743 ;;      Totals:         0       0       0       0       0       0       0       0       0       0       0       0       
      +0       0
   744 ;;Total ram usage:        0 bytes
   745 ;; Hardware stack levels used:    1
   746 ;; This function calls:
   747 ;;		Nothing
   748 ;; This function is called by:
   749 ;;		_main
   750 ;; This function uses a non-reentrant model
   751 ;;
   752                           
   753                           
   754                           ;psect for function _initADC
   755  07E1                     _initADC:	
   756                           
   757                           ;incstack = 0
   758                           ; Regs used in _initADC: []
   759  07E1  0008               	return
   760  07E2                     __end_of_initADC:	
   761                           
   762                           	psect	text5
   763  07E0                     __ptext5:	
   764 ;; *************** function _displayRefreshTask *****************
   765 ;; Defined at:
   766 ;;		line 35 in file "tasks.c"
   767 ;; Parameters:    Size  Location     Type
   768 ;;		None
   769 ;; Auto vars:     Size  Location     Type
   770 ;;		None
   771 ;; Return value:  Size  Location     Type
   772 ;;		None               void
   773 ;; Registers used:
   774 ;;		None
   775 ;; Tracked objects:
   776 ;;		On entry : 0/0
   777 ;;		On exit  : 0/0
   778 ;;		Unchanged: 0/0
   779 ;; Data sizes:     COMMON   BANK0   BANK1   BANK2   BANK3   BANK4   BANK5   BANK6   BANK7   BANK8   BANK9  BANK10  BANK1
      +1  BANK12
   780 ;;      Params:         0       0       0       0       0       0       0       0       0       0       0       0       
      +0       0
   781 ;;      Locals:         0       0       0       0       0       0       0       0       0       0       0       0       
      +0       0
   782 ;;      Temps:          0       0       0       0       0       0       0       0       0       0       0       0       
      +0       0
   783 ;;      Totals:         0       0       0       0       0       0       0       0       0       0       0       0       
      +0       0
   784 ;;Total ram usage:        0 bytes
   785 ;; Hardware stack levels used:    1
   786 ;; This function calls:
   787 ;;		Nothing
   788 ;; This function is called by:
   789 ;;		_main
   790 ;; This function uses a non-reentrant model
   791 ;;
   792                           
   793                           
   794                           ;psect for function _displayRefreshTask
   795  07E0                     _displayRefreshTask:	
   796                           
   797                           ;incstack = 0
   798                           ; Regs used in _displayRefreshTask: []
   799  07E0  0008               	return
   800  07E1                     __end_of_displayRefreshTask:	
   801                           
   802                           	psect	text6
   803  07DF                     __ptext6:	
   804 ;; *************** function _currentMeasureTask *****************
   805 ;; Defined at:
   806 ;;		line 29 in file "tasks.c"
   807 ;; Parameters:    Size  Location     Type
   808 ;;		None
   809 ;; Auto vars:     Size  Location     Type
   810 ;;		None
   811 ;; Return value:  Size  Location     Type
   812 ;;		None               void
   813 ;; Registers used:
   814 ;;		None
   815 ;; Tracked objects:
   816 ;;		On entry : 0/0
   817 ;;		On exit  : 0/0
   818 ;;		Unchanged: 0/0
   819 ;; Data sizes:     COMMON   BANK0   BANK1   BANK2   BANK3   BANK4   BANK5   BANK6   BANK7   BANK8   BANK9  BANK10  BANK1
      +1  BANK12
   820 ;;      Params:         0       0       0       0       0       0       0       0       0       0       0       0       
      +0       0
   821 ;;      Locals:         0       0       0       0       0       0       0       0       0       0       0       0       
      +0       0
   822 ;;      Temps:          0       0       0       0       0       0       0       0       0       0       0       0       
      +0       0
   823 ;;      Totals:         0       0       0       0       0       0       0       0       0       0       0       0       
      +0       0
   824 ;;Total ram usage:        0 bytes
   825 ;; Hardware stack levels used:    1
   826 ;; This function calls:
   827 ;;		Nothing
   828 ;; This function is called by:
   829 ;;		_main
   830 ;; This function uses a non-reentrant model
   831 ;;
   832                           
   833                           
   834                           ;psect for function _currentMeasureTask
   835  07DF                     _currentMeasureTask:	
   836                           
   837                           ;incstack = 0
   838                           ; Regs used in _currentMeasureTask: []
   839  07DF  0008               	return
   840  07E0                     __end_of_currentMeasureTask:	
   841  007E                     btemp	set	126	;btemp
   842  007E                     pic14e$flags	set	126
   843  007E                     wtemp	set	126
   844  007E                     wtemp0	set	126
   845  0080                     wtemp1	set	128
   846  0082                     wtemp2	set	130
   847  0084                     wtemp3	set	132
   848  0086                     wtemp4	set	134
   849  0088                     wtemp5	set	136
   850  007F                     wtemp6	set	127
   851  007E                     ttemp	set	126
   852  007E                     ttemp0	set	126
   853  0081                     ttemp1	set	129
   854  0084                     ttemp2	set	132
   855  0087                     ttemp3	set	135
   856  007F                     ttemp4	set	127
   857  007E                     ltemp	set	126
   858  007E                     ltemp0	set	126
   859  0082                     ltemp1	set	130
   860  0086                     ltemp2	set	134
   861  0080                     ltemp3	set	128


Data Sizes:
    Strings     0
    Constant    0
    Data        0
    BSS         4
    Persistent  0
    Stack       0

Auto Spaces:
    Space          Size  Autos    Used
    COMMON           14      4       8
    BANK0            80      0       0
    BANK1            80      0       0
    BANK2            80      0       0
    BANK3            80      0       0
    BANK4            80      0       0
    BANK5            80      0       0
    BANK6            80      0       0
    BANK7            80      0       0
    BANK8            80      0       0
    BANK9            80      0       0
    BANK10           80      0       0
    BANK11           80      0       0
    BANK12           32      0       0

Pointer List with Targets:

    None.

Critical Paths under _main in COMMON

    None.

Critical Paths under _main in BANK0

    None.

Critical Paths under _main in BANK1

    None.

Critical Paths under _main in BANK2

    None.

Critical Paths under _main in BANK3

    None.

Critical Paths under _main in BANK4

    None.

Critical Paths under _main in BANK5

    None.

Critical Paths under _main in BANK6

    None.

Critical Paths under _main in BANK7

    None.

Critical Paths under _main in BANK8

    None.

Critical Paths under _main in BANK9

    None.

Critical Paths under _main in BANK10

    None.

Critical Paths under _main in BANK11

    None.

Critical Paths under _main in BANK12

    None.

Call Graph Tables:

 ---------------------------------------------------------------------------------
 (Depth) Function   	        Calls       Base Space   Used Autos Params    Refs
 ---------------------------------------------------------------------------------
 (0) _main                                                 4     0      4       0
                                              0 COMMON     4     0      4
                 _currentMeasureTask
                 _displayRefreshTask
                            _initADC
                        _initDisplay
                          _initGpios
                 _voltageMeasureTask
 ---------------------------------------------------------------------------------
 (1) _voltageMeasureTask                                   0     0      0       0
 ---------------------------------------------------------------------------------
 (1) _initGpios                                            0     0      0       0
 ---------------------------------------------------------------------------------
 (1) _initDisplay                                          0     0      0       0
 ---------------------------------------------------------------------------------
 (1) _initADC                                              0     0      0       0
 ---------------------------------------------------------------------------------
 (1) _displayRefreshTask                                   0     0      0       0
 ---------------------------------------------------------------------------------
 (1) _currentMeasureTask                                   0     0      0       0
 ---------------------------------------------------------------------------------
 Estimated maximum stack depth 1
 ---------------------------------------------------------------------------------

 Call Graph Graphs:

 _main (ROOT)
   _currentMeasureTask
   _displayRefreshTask
   _initADC
   _initDisplay
   _initGpios
   _voltageMeasureTask

 Address spaces:
Name               Size   Autos  Total    Cost      Usage
BIGRAM             3E0      0       0       0        0.0%
NULL                 0      0       0       0        0.0%
CODE                 0      0       0       0        0.0%
BITCOMMON            E      0       0       1        0.0%
BITSFR0              0      0       0       1        0.0%
SFR0                 0      0       0       1        0.0%
COMMON               E      4       8       2       57.1%
BITSFR1              0      0       0       2        0.0%
SFR1                 0      0       0       2        0.0%
BITSFR2              0      0       0       3        0.0%
SFR2                 0      0       0       3        0.0%
STACK                0      0       0       3        0.0%
BITBANK0            50      0       0       4        0.0%
BITSFR3              0      0       0       4        0.0%
SFR3                 0      0       0       4        0.0%
BANK0               50      0       0       5        0.0%
BITSFR4              0      0       0       5        0.0%
SFR4                 0      0       0       5        0.0%
BITBANK1            50      0       0       6        0.0%
BITSFR5              0      0       0       6        0.0%
SFR5                 0      0       0       6        0.0%
BANK1               50      0       0       7        0.0%
BITSFR6              0      0       0       7        0.0%
SFR6                 0      0       0       7        0.0%
BITBANK2            50      0       0       8        0.0%
BITSFR7              0      0       0       8        0.0%
SFR7                 0      0       0       8        0.0%
BANK2               50      0       0       9        0.0%
BITSFR8              0      0       0       9        0.0%
SFR8                 0      0       0       9        0.0%
BITBANK3            50      0       0      10        0.0%
BITSFR9              0      0       0      10        0.0%
SFR9                 0      0       0      10        0.0%
BANK3               50      0       0      11        0.0%
BITSFR10             0      0       0      11        0.0%
SFR10                0      0       0      11        0.0%
BITBANK4            50      0       0      12        0.0%
BITSFR11             0      0       0      12        0.0%
SFR11                0      0       0      12        0.0%
BANK4               50      0       0      13        0.0%
BITSFR12             0      0       0      13        0.0%
SFR12                0      0       0      13        0.0%
BITBANK5            50      0       0      14        0.0%
BITSFR13             0      0       0      14        0.0%
SFR13                0      0       0      14        0.0%
BANK5               50      0       0      15        0.0%
BITSFR14             0      0       0      15        0.0%
SFR14                0      0       0      15        0.0%
BITBANK6            50      0       0      16        0.0%
BITSFR15             0      0       0      16        0.0%
SFR15                0      0       0      16        0.0%
BANK6               50      0       0      17        0.0%
BITSFR16             0      0       0      17        0.0%
SFR16                0      0       0      17        0.0%
BITBANK7            50      0       0      18        0.0%
BITSFR17             0      0       0      18        0.0%
SFR17                0      0       0      18        0.0%
BANK7               50      0       0      19        0.0%
BITSFR18             0      0       0      19        0.0%
SFR18                0      0       0      19        0.0%
BITSFR19             0      0       0      20        0.0%
SFR19                0      0       0      20        0.0%
ABS                  0      0       8      20        0.0%
BITBANK8            50      0       0      21        0.0%
BITSFR20             0      0       0      21        0.0%
SFR20                0      0       0      21        0.0%
BANK8               50      0       0      22        0.0%
BITSFR21             0      0       0      22        0.0%
SFR21                0      0       0      22        0.0%
BITBANK9            50      0       0      23        0.0%
BITSFR22             0      0       0      23        0.0%
SFR22                0      0       0      23        0.0%
BANK9               50      0       0      24        0.0%
BITSFR23             0      0       0      24        0.0%
SFR23                0      0       0      24        0.0%
BITBANK10           50      0       0      25        0.0%
BITSFR24             0      0       0      25        0.0%
SFR24                0      0       0      25        0.0%
BANK10              50      0       0      26        0.0%
BITSFR25             0      0       0      26        0.0%
SFR25                0      0       0      26        0.0%
BITBANK11           50      0       0      27        0.0%
BITSFR26             0      0       0      27        0.0%
SFR26                0      0       0      27        0.0%
BANK11              50      0       0      28        0.0%
BITSFR27             0      0       0      28        0.0%
SFR27                0      0       0      28        0.0%
BITBANK12           20      0       0      29        0.0%
BITSFR28             0      0       0      29        0.0%
SFR28                0      0       0      29        0.0%
BANK12              20      0       0      30        0.0%
BITSFR29             0      0       0      30        0.0%
SFR29                0      0       0      30        0.0%
BITSFR30             0      0       0      31        0.0%
SFR30                0      0       0      31        0.0%
DATA                 0      0       8      31        0.0%
BITSFR31             0      0       0      32        0.0%
SFR31                0      0       0      32        0.0%


Microchip Technology PIC Macro Assembler V1.33 build 59893 
Symbol Table                                                                                   Tue Feb 24 23:06:13 2015

                __CFG_CP$OFF 0000                           l15 07EE                  __CFG_LVP$ON 0000  
               __CFG_BORV$LO 0000                 __CFG_IESO$ON 0000                 __CFG_WRT$OFF 0000  
              __CFG_FCMEN$ON 0000  __size_of_currentMeasureTask 0001                         _main 07E5  
                       btemp 007E                __CFG_BOREN$ON 0000                         ltemp 007E  
                       start 0002                         ttemp 007E                         wtemp 007E  
               ?_initDisplay 0074                __CFG_PLLEN$ON 0000                        ?_main 0074  
              __CFG_WDTE$OFF 0000           _voltageMeasureTask 07E4              __end_of_initADC 07E2  
                      ltemp0 007E                        ltemp1 0082                        ltemp2 0086  
                      ltemp3 0080          ?_voltageMeasureTask 0074                        ttemp0 007E  
                      ttemp1 0081                        ttemp2 0084                        ttemp3 0087  
                      ttemp4 007F                        wtemp0 007E                        wtemp1 0080  
                      wtemp2 0082                        wtemp3 0084                        wtemp4 0086  
                      wtemp5 0088                        wtemp6 007F               __CFG_MCLRE$OFF 0000  
            __initialization 07F8                 __end_of_main 07F8               __CFG_LPBOR$OFF 0000  
       ??_voltageMeasureTask 0074                       ??_main 0078           _displayRefreshTask 07E0  
        ?_displayRefreshTask 0074               __CFG_PWRTE$OFF 0000         ??_displayRefreshTask 0074  
             __CFG_STVREN$ON 0000                    ??_initADC 0074      __end_of__initialization 07FC  
             __pcstackCOMMON 0074         __size_of_initDisplay 0001           __size_of_initGpios 0001  
                 __pmaintext 07E5              __CFG_WDTCCS$SWC 0000   __end_of_currentMeasureTask 07E0  
                    __ptext0 0000                      __ptext1 07E4                      __ptext2 07E3  
                    __ptext3 07E2                      __ptext4 07E1                      __ptext5 07E0  
                    __ptext6 07DF            __end_of_initGpios 07E4                      _initADC 07E1  
                    _current 0070                      _voltage 0072         end_of_initialization 07FC  
__size_of_voltageMeasureTask 0001             __CFG_FOSC$INTOSC 0000  __size_of_displayRefreshTask 0001  
        start_initialization 07F8                ??_initDisplay 0074                  __pbssCOMMON 0070  
                  ___latbits 0002           _currentMeasureTask 07DF             __CFG_PPS1WAY$OFF 0000  
        ?_currentMeasureTask 0074          __end_of_initDisplay 07E3                     ?_initADC 0074  
                  _initGpios 07E3         ??_currentMeasureTask 0074        __CFG_WDTCWS$WDTCWS100 0000  
       __CFG_WDTCPS$WDTCPS12 0000                   ?_initGpios 0074                  _initDisplay 07E2  
 __end_of_voltageMeasureTask 07E5             __size_of_initADC 0001                __size_of_main 0013  
 __end_of_displayRefreshTask 07E1                     main@argc 0074                     main@argv 0076  
                ??_initGpios 0074                  pic14e$flags 007E            __CFG_CLKOUTEN$OFF 0000  
